{"extraData":"Does this appear?","level":"info","message":"Test log message","timestamp":"2025-02-18T13:16:37.522Z"}
{"createdAt":"2025-02-18T13:24:30.561Z","level":"info","message":"Message logged!","timestamp":"2025-02-18T13:24:31.034Z"}
{"createdAt":"2025-02-18T13:25:45.631Z","level":"info","message":"Message logged by user: szank_dav!","timestamp":"2025-02-18T13:25:46.075Z"}
{"createdAt":"2025-02-18T13:26:14.214Z","level":"info","message":"Message logged by user: Szankovszky D獺vid!","timestamp":"2025-02-18T13:26:14.621Z"}
{"level":"info","message":"Message logged by user: Szankovszky D獺vid","timestamp":"2025-02-18T13:26:56.724Z"}
{"level":"info","message":"Discord bot is ready! ","timestamp":"2025-02-18T13:40:35.823Z"}
{"level":"info","message":"Started refreshing application (/) commands.","timestamp":"2025-02-18T13:41:37.309Z"}
{"level":"info","message":"Successfully reloaded application (/) commands.","timestamp":"2025-02-18T13:41:37.530Z"}
{"level":"info","message":"Discord bot is ready! ","timestamp":"2025-02-18T13:41:37.530Z"}
{"level":"info","message":"Started refreshing application (/) commands.","timestamp":"2025-02-18T13:44:47.221Z"}
{"level":"info","message":"Successfully reloaded application (/) commands.","timestamp":"2025-02-18T13:44:47.436Z"}
{"level":"info","message":"Discord bot is ready! ","timestamp":"2025-02-18T13:44:47.436Z"}
{"level":"info","message":"Started refreshing application (/) commands.","timestamp":"2025-02-18T13:45:23.501Z"}
{"level":"info","message":"Successfully reloaded application (/) commands.","timestamp":"2025-02-18T13:45:23.746Z"}
{"level":"info","message":"Discord bot is ready! ","timestamp":"2025-02-18T13:45:23.747Z"}
{"level":"info","message":"Started refreshing application (/) commands.","timestamp":"2025-02-18T13:45:25.514Z"}
{"level":"info","message":"Successfully reloaded application (/) commands.","timestamp":"2025-02-18T13:45:25.715Z"}
{"level":"info","message":"Discord bot is ready! ","timestamp":"2025-02-18T13:45:25.715Z"}
{"level":"info","message":"Started refreshing application (/) commands.","timestamp":"2025-02-18T13:45:37.885Z"}
{"level":"info","message":"Successfully reloaded application (/) commands.","timestamp":"2025-02-18T13:46:24.062Z"}
{"level":"info","message":"Discord bot is ready! ","timestamp":"2025-02-18T13:46:24.063Z"}
{"level":"info","message":"Started refreshing application (/) commands.","timestamp":"2025-02-18T13:46:34.954Z"}
{"level":"info","message":"Successfully reloaded application (/) commands.","timestamp":"2025-02-18T13:46:35.167Z"}
{"level":"info","message":"Discord bot is ready! ","timestamp":"2025-02-18T13:46:35.167Z"}
{"level":"info","message":"Started refreshing application (/) commands.","timestamp":"2025-02-18T13:50:02.652Z"}
{"level":"info","message":"Successfully reloaded application (/) commands.","timestamp":"2025-02-18T13:50:02.952Z"}
{"level":"info","message":"Discord bot is ready! ","timestamp":"2025-02-18T13:50:02.952Z"}
{"level":"info","message":"Started refreshing application (/) commands.","timestamp":"2025-02-18T13:50:23.755Z"}
{"level":"info","message":"Successfully reloaded application (/) commands.","timestamp":"2025-02-18T13:50:23.981Z"}
{"level":"info","message":"Discord bot is ready! ","timestamp":"2025-02-18T13:50:23.982Z"}
{"level":"info","message":"Started refreshing application (/) commands.","timestamp":"2025-02-18T13:50:34.392Z"}
{"level":"info","message":"Successfully reloaded application (/) commands.","timestamp":"2025-02-18T13:50:34.600Z"}
{"level":"info","message":"Discord bot is ready! ","timestamp":"2025-02-18T13:50:34.600Z"}
{"level":"info","message":"Started refreshing application (/) commands.","timestamp":"2025-02-18T13:50:43.300Z"}
{"level":"info","message":"Started refreshing application (/) commands.","timestamp":"2025-02-18T13:51:03.662Z"}
{"level":"info","message":"Successfully reloaded application (/) commands.","timestamp":"2025-02-18T13:51:03.877Z"}
{"level":"info","message":"Discord bot is ready! ","timestamp":"2025-02-18T13:51:03.877Z"}
{"level":"info","message":"Started refreshing application (/) commands.","timestamp":"2025-02-18T13:51:18.966Z"}
{"level":"info","message":"Successfully reloaded application (/) commands.","timestamp":"2025-02-18T13:52:03.360Z"}
{"level":"info","message":"Discord bot is ready! ","timestamp":"2025-02-18T13:52:03.361Z"}
{"level":"info","message":"Checking if /database exists:","timestamp":"2025-02-18T13:52:39.169Z"}
{"level":"info","message":"Using SQLite database at: D:\\Apps\\Viktor\\discord-chatbot\\src\\logger\\database\\DiscordMessages.db","timestamp":"2025-02-18T13:52:39.170Z"}
{"level":"info","message":"Connected to SQLite database successfully.","timestamp":"2025-02-18T13:52:39.231Z"}
{"level":"info","message":"Started refreshing application (/) commands.","timestamp":"2025-02-18T13:52:39.846Z"}
{"level":"info","message":"Successfully reloaded application (/) commands.","timestamp":"2025-02-18T13:52:40.054Z"}
{"level":"info","message":"Discord bot is ready! ","timestamp":"2025-02-18T13:52:40.054Z"}
{"level":"info","message":"Checking if /database exists:","timestamp":"2025-02-18T13:52:58.049Z"}
{"level":"info","message":"Using SQLite database at: D:\\Apps\\Viktor\\discord-chatbot\\src\\logger\\database\\DiscordMessages.db","timestamp":"2025-02-18T13:52:58.051Z"}
{"level":"info","message":"Connected to SQLite database successfully.","timestamp":"2025-02-18T13:52:58.113Z"}
{"level":"info","message":"Started refreshing application (/) commands.","timestamp":"2025-02-18T13:52:58.711Z"}
{"level":"info","message":"Successfully reloaded application (/) commands.","timestamp":"2025-02-18T13:52:58.957Z"}
{"level":"info","message":"Discord bot is ready! ","timestamp":"2025-02-18T13:52:58.957Z"}
{"level":"info","message":"Checking if /database exists:","timestamp":"2025-02-18T13:53:38.210Z"}
{"level":"info","message":"Using SQLite database at: D:\\Apps\\Viktor\\discord-chatbot\\src\\logger\\database\\DiscordMessages.db","timestamp":"2025-02-18T13:53:38.212Z"}
{"level":"info","message":"Connected to SQLite database successfully.","timestamp":"2025-02-18T13:53:38.272Z"}
{"level":"info","message":"Started refreshing application (/) commands.","timestamp":"2025-02-18T13:53:38.914Z"}
{"level":"info","message":"Successfully reloaded application (/) commands.","timestamp":"2025-02-18T13:53:39.223Z"}
{"level":"info","message":"Discord bot is ready! ","timestamp":"2025-02-18T13:53:39.224Z"}
{"level":"info","message":"Checking if /database exists:","timestamp":"2025-02-18T13:54:07.426Z"}
{"level":"info","message":"Using SQLite database at: D:\\Apps\\Viktor\\discord-chatbot\\src\\logger\\database\\DiscordMessages.db","timestamp":"2025-02-18T13:54:07.428Z"}
{"level":"info","message":"Connected to SQLite database successfully.","timestamp":"2025-02-18T13:54:07.488Z"}
{"level":"info","message":"Started refreshing application (/) commands.","timestamp":"2025-02-18T13:54:08.136Z"}
{"level":"info","message":"Successfully reloaded application (/) commands.","timestamp":"2025-02-18T13:54:08.327Z"}
{"level":"info","message":"Discord bot is ready! ","timestamp":"2025-02-18T13:54:08.328Z"}
{"level":"info","message":"Checking if /database exists:","timestamp":"2025-02-18T13:54:26.068Z"}
{"level":"info","message":"Using SQLite database at: D:\\Apps\\Viktor\\discord-chatbot\\src\\logger\\database\\DiscordMessages.db","timestamp":"2025-02-18T13:54:26.070Z"}
{"level":"info","message":"Connected to SQLite database successfully.","timestamp":"2025-02-18T13:54:26.130Z"}
{"level":"info","message":"Started refreshing application (/) commands.","timestamp":"2025-02-18T13:54:26.752Z"}
{"level":"info","message":"Successfully reloaded application (/) commands.","timestamp":"2025-02-18T13:54:26.948Z"}
{"level":"info","message":"Discord bot is ready! ","timestamp":"2025-02-18T13:54:26.949Z"}
{"level":"info","message":"Checking if /database exists:","timestamp":"2025-02-18T13:56:36.151Z"}
{"level":"info","message":"Using SQLite database at: D:\\Apps\\Viktor\\discord-chatbot\\src\\logger\\database\\DiscordMessages.db","timestamp":"2025-02-18T13:56:36.152Z"}
{"level":"info","message":"Connected to SQLite database successfully.","timestamp":"2025-02-18T13:56:36.213Z"}
{"level":"info","message":"Started refreshing application (/) commands.","timestamp":"2025-02-18T13:56:36.867Z"}
{"level":"info","message":"Successfully reloaded application (/) commands.","timestamp":"2025-02-18T13:56:37.111Z"}
{"level":"info","message":"Discord bot is ready! ","timestamp":"2025-02-18T13:56:37.112Z"}
{"level":"info","message":"Checking if /database exists:","timestamp":"2025-02-18T13:56:38.411Z"}
{"level":"info","message":"Using SQLite database at: D:\\Apps\\Viktor\\discord-chatbot\\src\\logger\\database\\DiscordMessages.db","timestamp":"2025-02-18T13:56:38.413Z"}
{"level":"info","message":"Connected to SQLite database successfully.","timestamp":"2025-02-18T13:56:38.473Z"}
{"level":"info","message":"Started refreshing application (/) commands.","timestamp":"2025-02-18T13:56:39.306Z"}
{"level":"info","message":"Successfully reloaded application (/) commands.","timestamp":"2025-02-18T13:56:39.533Z"}
{"level":"info","message":"Discord bot is ready! ","timestamp":"2025-02-18T13:56:39.534Z"}
{"level":"info","message":"Checking if /database exists:","timestamp":"2025-02-18T13:57:28.206Z"}
{"level":"info","message":"Using SQLite database at: D:\\Apps\\Viktor\\discord-chatbot\\src\\logger\\database\\DiscordMessages.db","timestamp":"2025-02-18T13:57:28.208Z"}
{"level":"info","message":"Connected to SQLite database successfully.","timestamp":"2025-02-18T13:57:28.268Z"}
{"level":"info","message":"Started refreshing application (/) commands.","timestamp":"2025-02-18T13:57:28.828Z"}
{"level":"info","message":"Successfully reloaded application (/) commands.","timestamp":"2025-02-18T13:57:29.031Z"}
{"level":"info","message":"Discord bot is ready! ","timestamp":"2025-02-18T13:57:29.031Z"}
{"level":"info","message":"Checking if /database exists:","timestamp":"2025-02-18T13:57:45.232Z"}
{"level":"info","message":"Using SQLite database at: D:\\Apps\\Viktor\\discord-chatbot\\src\\logger\\database\\DiscordMessages.db","timestamp":"2025-02-18T13:57:45.234Z"}
{"level":"info","message":"Connected to SQLite database successfully.","timestamp":"2025-02-18T13:57:45.292Z"}
{"level":"info","message":"Started refreshing application (/) commands.","timestamp":"2025-02-18T13:57:46.108Z"}
{"level":"info","message":"Successfully reloaded application (/) commands.","timestamp":"2025-02-18T13:57:46.346Z"}
{"level":"info","message":"Discord bot is ready! ","timestamp":"2025-02-18T13:57:46.347Z"}
{"level":"info","message":"Checking if /database exists:","timestamp":"2025-02-18T13:58:58.960Z"}
{"level":"info","message":"Using SQLite database at: D:\\Apps\\Viktor\\discord-chatbot\\src\\logger\\database\\DiscordMessages.db","timestamp":"2025-02-18T13:58:58.962Z"}
{"level":"info","message":"Connected to SQLite database successfully.","timestamp":"2025-02-18T13:58:59.022Z"}
{"level":"info","message":"Started refreshing application (/) commands.","timestamp":"2025-02-18T13:58:59.790Z"}
{"level":"info","message":"Successfully reloaded application (/) commands.","timestamp":"2025-02-18T13:58:59.973Z"}
{"level":"info","message":"Discord bot is ready! ","timestamp":"2025-02-18T13:58:59.974Z"}
{"level":"info","message":"Checking if /database exists:","timestamp":"2025-02-18T13:59:29.084Z"}
{"level":"info","message":"Using SQLite database at: D:\\Apps\\Viktor\\discord-chatbot\\src\\logger\\database\\DiscordMessages.db","timestamp":"2025-02-18T13:59:29.086Z"}
{"level":"info","message":"Connected to SQLite database successfully.","timestamp":"2025-02-18T13:59:29.148Z"}
{"level":"info","message":"Started refreshing application (/) commands.","timestamp":"2025-02-18T13:59:29.750Z"}
{"level":"info","message":"Successfully reloaded application (/) commands.","timestamp":"2025-02-18T13:59:29.959Z"}
{"level":"info","message":"Discord bot is ready! ","timestamp":"2025-02-18T13:59:29.960Z"}
{"level":"info","message":"Checking if /database exists:","timestamp":"2025-02-18T13:59:31.379Z"}
{"level":"info","message":"Using SQLite database at: D:\\Apps\\Viktor\\discord-chatbot\\src\\logger\\database\\DiscordMessages.db","timestamp":"2025-02-18T13:59:31.381Z"}
{"level":"info","message":"Connected to SQLite database successfully.","timestamp":"2025-02-18T13:59:31.440Z"}
{"level":"info","message":"Started refreshing application (/) commands.","timestamp":"2025-02-18T13:59:31.989Z"}
{"level":"info","message":"Successfully reloaded application (/) commands.","timestamp":"2025-02-18T13:59:32.202Z"}
{"level":"info","message":"Discord bot is ready! ","timestamp":"2025-02-18T13:59:32.203Z"}
{"level":"info","message":"Checking if /database exists:","timestamp":"2025-02-18T13:59:52.090Z"}
{"level":"info","message":"Using SQLite database at: D:\\Apps\\Viktor\\discord-chatbot\\src\\logger\\database\\DiscordMessages.db","timestamp":"2025-02-18T13:59:52.092Z"}
{"level":"info","message":"Connected to SQLite database successfully.","timestamp":"2025-02-18T13:59:52.157Z"}
{"level":"info","message":"Started refreshing application (/) commands.","timestamp":"2025-02-18T13:59:52.831Z"}
{"level":"info","message":"Checking if /database exists:","timestamp":"2025-02-18T14:00:13.746Z"}
{"level":"info","message":"Using SQLite database at: D:\\Apps\\Viktor\\discord-chatbot\\src\\logger\\database\\DiscordMessages.db","timestamp":"2025-02-18T14:00:13.748Z"}
{"level":"info","message":"Connected to SQLite database successfully.","timestamp":"2025-02-18T14:00:13.807Z"}
{"level":"info","message":"Started refreshing application (/) commands.","timestamp":"2025-02-18T14:00:14.343Z"}
{"level":"info","message":"Successfully reloaded application (/) commands.","timestamp":"2025-02-18T14:00:14.574Z"}
{"level":"info","message":"Discord bot is ready! ","timestamp":"2025-02-18T14:00:14.575Z"}
{"level":"info","message":"Checking if /database exists:","timestamp":"2025-02-18T14:00:25.905Z"}
{"level":"info","message":"Using SQLite database at: D:\\Apps\\Viktor\\discord-chatbot\\src\\logger\\database\\DiscordMessages.db","timestamp":"2025-02-18T14:00:25.907Z"}
{"level":"info","message":"Connected to SQLite database successfully.","timestamp":"2025-02-18T14:00:25.967Z"}
{"level":"info","message":"Started refreshing application (/) commands.","timestamp":"2025-02-18T14:00:26.744Z"}
{"level":"info","message":"Checking if /database exists:","timestamp":"2025-02-18T14:00:58.896Z"}
{"level":"info","message":"Using SQLite database at: D:\\Apps\\Viktor\\discord-chatbot\\src\\logger\\database\\DiscordMessages.db","timestamp":"2025-02-18T14:00:58.897Z"}
{"level":"info","message":"Connected to SQLite database successfully.","timestamp":"2025-02-18T14:00:58.956Z"}
{"level":"info","message":"Started refreshing application (/) commands.","timestamp":"2025-02-18T14:00:59.644Z"}
{"level":"info","message":"Successfully reloaded application (/) commands.","timestamp":"2025-02-18T14:00:59.892Z"}
{"level":"info","message":"Discord bot is ready! ","timestamp":"2025-02-18T14:00:59.892Z"}
{"level":"info","message":"Checking if /database exists:","timestamp":"2025-02-18T14:07:28.982Z"}
{"level":"info","message":"Using SQLite database at: D:\\Apps\\Viktor\\discord-chatbot\\src\\logger\\database\\DiscordMessages.db","timestamp":"2025-02-18T14:07:28.984Z"}
{"level":"info","message":"Connected to SQLite database successfully.","timestamp":"2025-02-18T14:07:29.044Z"}
{"level":"info","message":"Started refreshing application (/) commands.","timestamp":"2025-02-18T14:07:29.664Z"}
{"level":"info","message":"Successfully reloaded application (/) commands.","timestamp":"2025-02-18T14:07:29.859Z"}
{"level":"info","message":"Discord bot is ready! ","timestamp":"2025-02-18T14:07:29.860Z"}
{"level":"info","message":"Message logged by user: Szankovszky D獺vid","timestamp":"2025-02-18T14:07:48.754Z"}
{"level":"info","message":"Message logged by user: Szankovszky D獺vid","timestamp":"2025-02-18T14:08:00.791Z"}
